<?xml version="1.0" encoding="UTF-8"?>
<!-- Generated by org.testng.reporters.JUnitXMLReporter -->
<testsuite ignored="0" hostname="DESKTOP-1QVUE72" failures="5" tests="5" name="Banking app Test" time="78.391" errors="0" timestamp="2022-11-26T20:33:47 CET">
  <testcase classname="com.aseelapp.testCases.TC_LoginTDD_002" name="loginDDT" time="10.305">
    <failure type="java.lang.AssertionError" message="expected [true] but found [false]">
      <![CDATA[java.lang.AssertionError: expected [true] but found [false]
at com.aseelapp.testCases.TC_LoginTDD_002.loginDDT(TC_LoginTDD_002.java:45)
at java.base/java.util.ArrayList.forEach(ArrayList.java:1511)
... Removed 31 stack frames]]>
    </failure>
  </testcase> <!-- loginDDT -->
  <testcase classname="com.aseelapp.testCases.TC_LoginTDD_002" name="loginDDT" time="23.509">
    <failure type="java.lang.AssertionError" message="expected [true] but found [false]">
      <![CDATA[java.lang.AssertionError: expected [true] but found [false]
at com.aseelapp.testCases.TC_LoginTDD_002.loginDDT(TC_LoginTDD_002.java:45)
at java.base/java.util.ArrayList.forEach(ArrayList.java:1511)
... Removed 31 stack frames]]>
    </failure>
  </testcase> <!-- loginDDT -->
  <testcase classname="com.aseelapp.testCases.TC_LoginTDD_002" name="loginDDT" time="10.825">
    <failure type="java.lang.AssertionError" message="expected [true] but found [false]">
      <![CDATA[java.lang.AssertionError: expected [true] but found [false]
at com.aseelapp.testCases.TC_LoginTDD_002.loginDDT(TC_LoginTDD_002.java:45)
at java.base/java.util.ArrayList.forEach(ArrayList.java:1511)
... Removed 31 stack frames]]>
    </failure>
  </testcase> <!-- loginDDT -->
  <testcase classname="com.aseelapp.testCases.TC_LoginTDD_002" name="loginDDT" time="10.565">
    <failure type="java.lang.AssertionError" message="expected [true] but found [false]">
      <![CDATA[java.lang.AssertionError: expected [true] but found [false]
at com.aseelapp.testCases.TC_LoginTDD_002.loginDDT(TC_LoginTDD_002.java:45)
at java.base/java.util.ArrayList.forEach(ArrayList.java:1511)
... Removed 31 stack frames]]>
    </failure>
  </testcase> <!-- loginDDT -->
  <testcase classname="com.aseelapp.testCases.TC_LoginTDD_002" name="loginDDT" time="6.289">
    <failure type="java.lang.AssertionError" message="expected [true] but found [false]">
      <![CDATA[java.lang.AssertionError: expected [true] but found [false]
at com.aseelapp.testCases.TC_LoginTDD_002.loginDDT(TC_LoginTDD_002.java:45)
at java.base/java.util.ArrayList.forEach(ArrayList.java:1511)
... Removed 31 stack frames]]>
    </failure>
  </testcase> <!-- loginDDT -->
</testsuite> <!-- Banking app Test -->
